<?xml version="1.0" encoding="UTF-8"?>
<!-- Generated by org.testng.reporters.JUnitReportReporter -->
<testsuite hostname="DESKTOP-LRFGOJA" failures="0" tests="4" name="bridalmiiduu.test.OrderProductSuccessfullyTest" time="53.936" errors="0" timestamp="2021-10-08T19:32:45 ICT" skipped="0">
  <testcase classname="bridalmiiduu.test.OrderProductSuccessfullyTest" name="orderProductsSuccessfully" time="14.928"/>
  <system-out/>
  <testcase classname="bridalmiiduu.test.OrderProductSuccessfullyTest" name="orderProductsSuccessfully" time="10.929"/>
  <system-out/>
  <testcase classname="bridalmiiduu.test.OrderProductSuccessfullyTest" name="orderProductsSuccessfully" time="13.661"/>
  <system-out/>
  <testcase classname="bridalmiiduu.test.OrderProductSuccessfullyTest" name="orderProductsSuccessfully" time="14.418"/>
  <system-out/>
</testsuite> <!-- bridalmiiduu.test.OrderProductSuccessfullyTest -->
