<?xml version="1.0" encoding="UTF-8"?>
<!-- Generated by org.testng.reporters.JUnitReportReporter -->
<testsuite hostname="DESKTOP-LRFGOJA" failures="0" tests="1" name="bridalmiiduu.test.ContactUsPageUIDisplayTest" time="11.248" errors="0" timestamp="2021-10-08T18:44:52 ICT" skipped="0">
  <testcase classname="bridalmiiduu.test.ContactUsPageUIDisplayTest" name="contactUsPageUIDisplaySuccessfully" time="11.248"/>
  <system-out/>
</testsuite> <!-- bridalmiiduu.test.ContactUsPageUIDisplayTest -->
