<?xml version="1.0" encoding="UTF-8"?>
<!-- Generated by org.testng.reporters.JUnitReportReporter -->
<testsuite hostname="DESKTOP-LRFGOJA" failures="0" tests="1" name="bridalmiiduu.test.BridalPartyPageTest" time="10.969" errors="0" timestamp="2021-10-08T19:00:05 ICT" skipped="0">
  <testcase classname="bridalmiiduu.test.BridalPartyPageTest" name="Display5ProductsSuccessfully" time="10.969"/>
  <system-out/>
</testsuite> <!-- bridalmiiduu.test.BridalPartyPageTest -->
